Copyright 1986-2022 Xilinx, Inc. All Rights Reserved. Copyright 2022-2025 Advanced Micro Devices, Inc. All Rights Reserved.
--------------------------------------------------------------------------------------------------------------------------------------------------------------------------------------
| Tool Version : Vivado v.2025.2 (lin64) Build 6299465 Fri Nov 14 12:34:56 MST 2025
| Date         : Wed May 27 15:00:27 2026
| Host         : sasarmandarius-HP-ZBook-17-G3 running 64-bit Ubuntu 24.04.4 LTS
| Command      : report_methodology -file design_1_wrapper_methodology_drc_routed.rpt -pb design_1_wrapper_methodology_drc_routed.pb -rpx design_1_wrapper_methodology_drc_routed.rpx
| Design       : design_1_wrapper
| Device       : xc7a100tcsg324-1
| Speed File   : -1
| Design State : Fully Routed
--------------------------------------------------------------------------------------------------------------------------------------------------------------------------------------

Report Methodology

Table of Contents
-----------------
1. REPORT SUMMARY
2. REPORT DETAILS

1. REPORT SUMMARY
-----------------
            Netlist: netlist
          Floorplan: design_1
      Design limits: <entire design considered>
             Max checks: <unlimited>
             Checks found: 96
+-----------+------------------+----------------------------------------------------+--------+
| Rule      | Severity         | Description                                        | Checks |
+-----------+------------------+----------------------------------------------------+--------+
| TIMING-4  | Critical Warning | Invalid primary clock redefinition on a clock tree | 1      |
| TIMING-6  | Critical Warning | No common primary clock between related clocks     | 2      |
| TIMING-7  | Critical Warning | No common node between related clocks              | 2      |
| TIMING-27 | Critical Warning | Invalid primary clock on hierarchical pin          | 1      |
| TIMING-16 | Warning          | Large setup violation                              | 87     |
| TIMING-18 | Warning          | Missing input or output delay                      | 3      |
+-----------+------------------+----------------------------------------------------+--------+

2. REPORT DETAILS
-----------------
TIMING-4#1 Critical Warning
Invalid primary clock redefinition on a clock tree  
Invalid clock redefinition on a clock tree. The primary clock design_1_i/clk_wiz/inst/clk_in1 is defined downstream of clock sys_clk_pin and overrides its insertion delay and/or waveform definition
Related violations: <none>

TIMING-6#1 Critical Warning
No common primary clock between related clocks  
The clocks clk_out1_design_1_clk_wiz_3 and sys_clk_pin are related (timed together) but they have no common primary clock. The design could fail in hardware. To find a timing path between these clocks, run the following command: report_timing -from [get_clocks clk_out1_design_1_clk_wiz_3] -to [get_clocks sys_clk_pin]
Related violations: <none>

TIMING-6#2 Critical Warning
No common primary clock between related clocks  
The clocks sys_clk_pin and clk_out1_design_1_clk_wiz_3 are related (timed together) but they have no common primary clock. The design could fail in hardware. To find a timing path between these clocks, run the following command: report_timing -from [get_clocks sys_clk_pin] -to [get_clocks clk_out1_design_1_clk_wiz_3]
Related violations: <none>

TIMING-7#1 Critical Warning
No common node between related clocks  
The clocks clk_out1_design_1_clk_wiz_3 and sys_clk_pin are related (timed together) but they have no common node. The design could fail in hardware. To find a timing path between these clocks, run the following command: report_timing -from [get_clocks clk_out1_design_1_clk_wiz_3] -to [get_clocks sys_clk_pin]
Related violations: <none>

TIMING-7#2 Critical Warning
No common node between related clocks  
The clocks sys_clk_pin and clk_out1_design_1_clk_wiz_3 are related (timed together) but they have no common node. The design could fail in hardware. To find a timing path between these clocks, run the following command: report_timing -from [get_clocks sys_clk_pin] -to [get_clocks clk_out1_design_1_clk_wiz_3]
Related violations: <none>

TIMING-27#1 Critical Warning
Invalid primary clock on hierarchical pin  
A primary clock design_1_i/clk_wiz/inst/clk_in1 is created on an inappropriate internal pin design_1_i/clk_wiz/inst/clk_in1. It is not recommended to create a primary clock on a hierarchical pin when its driver pin has a fanout connected to multiple clock pins
Related violations: <none>

TIMING-16#1 Warning
Large setup violation  
There is a large setup violation of -1.001 ns between design_1_i/sha256_encryptor_0/U0/iterator_reg[1]_rep__1/C (clocked by clk_out1_design_1_clk_wiz_3) and design_1_i/sha256_encryptor_0/U0/w_reg[22][11]/D (clocked by clk_out1_design_1_clk_wiz_3). Large setup violations at the end of those stages might be difficult to fix during the post-placement implementation flow and could be the result of non-optimal XDC constraints or non-optimal design architecture
Related violations: <none>

TIMING-16#2 Warning
Large setup violation  
There is a large setup violation of -1.001 ns between design_1_i/sha256_encryptor_0/U0/iterator_reg[1]_rep__1/C (clocked by clk_out1_design_1_clk_wiz_3) and design_1_i/sha256_encryptor_0/U0/w_reg[22][19]/D (clocked by clk_out1_design_1_clk_wiz_3). Large setup violations at the end of those stages might be difficult to fix during the post-placement implementation flow and could be the result of non-optimal XDC constraints or non-optimal design architecture
Related violations: <none>

TIMING-16#3 Warning
Large setup violation  
There is a large setup violation of -1.003 ns between design_1_i/sha256_encryptor_0/U0/iterator_reg[1]_rep__0/C (clocked by clk_out1_design_1_clk_wiz_3) and design_1_i/sha256_encryptor_0/U0/e_reg[26]/D (clocked by clk_out1_design_1_clk_wiz_3). Large setup violations at the end of those stages might be difficult to fix during the post-placement implementation flow and could be the result of non-optimal XDC constraints or non-optimal design architecture
Related violations: <none>

TIMING-16#4 Warning
Large setup violation  
There is a large setup violation of -1.003 ns between design_1_i/sha256_encryptor_0/U0/iterator_reg[1]_rep__1/C (clocked by clk_out1_design_1_clk_wiz_3) and design_1_i/sha256_encryptor_0/U0/w_reg[27][10]/D (clocked by clk_out1_design_1_clk_wiz_3). Large setup violations at the end of those stages might be difficult to fix during the post-placement implementation flow and could be the result of non-optimal XDC constraints or non-optimal design architecture
Related violations: <none>

TIMING-16#5 Warning
Large setup violation  
There is a large setup violation of -1.004 ns between design_1_i/sha256_encryptor_0/U0/iterator_reg[1]_rep__1/C (clocked by clk_out1_design_1_clk_wiz_3) and design_1_i/sha256_encryptor_0/U0/w_reg[6][13]/D (clocked by clk_out1_design_1_clk_wiz_3). Large setup violations at the end of those stages might be difficult to fix during the post-placement implementation flow and could be the result of non-optimal XDC constraints or non-optimal design architecture
Related violations: <none>

TIMING-16#6 Warning
Large setup violation  
There is a large setup violation of -1.004 ns between design_1_i/sha256_encryptor_0/U0/iterator_reg[1]_rep__1/C (clocked by clk_out1_design_1_clk_wiz_3) and design_1_i/sha256_encryptor_0/U0/w_reg[9][13]/D (clocked by clk_out1_design_1_clk_wiz_3). Large setup violations at the end of those stages might be difficult to fix during the post-placement implementation flow and could be the result of non-optimal XDC constraints or non-optimal design architecture
Related violations: <none>

TIMING-16#7 Warning
Large setup violation  
There is a large setup violation of -1.005 ns between design_1_i/sha256_encryptor_0/U0/iterator_reg[1]_rep__1/C (clocked by clk_out1_design_1_clk_wiz_3) and design_1_i/sha256_encryptor_0/U0/w_reg[18][10]/D (clocked by clk_out1_design_1_clk_wiz_3). Large setup violations at the end of those stages might be difficult to fix during the post-placement implementation flow and could be the result of non-optimal XDC constraints or non-optimal design architecture
Related violations: <none>

TIMING-16#8 Warning
Large setup violation  
There is a large setup violation of -1.005 ns between design_1_i/sha256_encryptor_0/U0/iterator_reg[1]_rep__1/C (clocked by clk_out1_design_1_clk_wiz_3) and design_1_i/sha256_encryptor_0/U0/w_reg[60][10]/D (clocked by clk_out1_design_1_clk_wiz_3). Large setup violations at the end of those stages might be difficult to fix during the post-placement implementation flow and could be the result of non-optimal XDC constraints or non-optimal design architecture
Related violations: <none>

TIMING-16#9 Warning
Large setup violation  
There is a large setup violation of -1.007 ns between design_1_i/sha256_encryptor_0/U0/iterator_reg[1]_rep__1/C (clocked by clk_out1_design_1_clk_wiz_3) and design_1_i/sha256_encryptor_0/U0/w_reg[31][14]/D (clocked by clk_out1_design_1_clk_wiz_3). Large setup violations at the end of those stages might be difficult to fix during the post-placement implementation flow and could be the result of non-optimal XDC constraints or non-optimal design architecture
Related violations: <none>

TIMING-16#10 Warning
Large setup violation  
There is a large setup violation of -1.007 ns between design_1_i/sha256_encryptor_0/U0/iterator_reg[1]_rep__1/C (clocked by clk_out1_design_1_clk_wiz_3) and design_1_i/sha256_encryptor_0/U0/w_reg[7][17]/D (clocked by clk_out1_design_1_clk_wiz_3). Large setup violations at the end of those stages might be difficult to fix during the post-placement implementation flow and could be the result of non-optimal XDC constraints or non-optimal design architecture
Related violations: <none>

TIMING-16#11 Warning
Large setup violation  
There is a large setup violation of -1.010 ns between design_1_i/sha256_encryptor_0/U0/iterator_reg[1]_rep__1/C (clocked by clk_out1_design_1_clk_wiz_3) and design_1_i/sha256_encryptor_0/U0/w_reg[4][9]/D (clocked by clk_out1_design_1_clk_wiz_3). Large setup violations at the end of those stages might be difficult to fix during the post-placement implementation flow and could be the result of non-optimal XDC constraints or non-optimal design architecture
Related violations: <none>

TIMING-16#12 Warning
Large setup violation  
There is a large setup violation of -1.012 ns between design_1_i/sha256_encryptor_0/U0/iterator_reg[1]_rep__1/C (clocked by clk_out1_design_1_clk_wiz_3) and design_1_i/sha256_encryptor_0/U0/w_reg[45][29]/D (clocked by clk_out1_design_1_clk_wiz_3). Large setup violations at the end of those stages might be difficult to fix during the post-placement implementation flow and could be the result of non-optimal XDC constraints or non-optimal design architecture
Related violations: <none>

TIMING-16#13 Warning
Large setup violation  
There is a large setup violation of -1.013 ns between design_1_i/sha256_encryptor_0/U0/iterator_reg[1]_rep__1/C (clocked by clk_out1_design_1_clk_wiz_3) and design_1_i/sha256_encryptor_0/U0/w_reg[26][29]/D (clocked by clk_out1_design_1_clk_wiz_3). Large setup violations at the end of those stages might be difficult to fix during the post-placement implementation flow and could be the result of non-optimal XDC constraints or non-optimal design architecture
Related violations: <none>

TIMING-16#14 Warning
Large setup violation  
There is a large setup violation of -1.014 ns between design_1_i/sha256_encryptor_0/U0/iterator_reg[1]_rep__1/C (clocked by clk_out1_design_1_clk_wiz_3) and design_1_i/sha256_encryptor_0/U0/w_reg[49][13]/D (clocked by clk_out1_design_1_clk_wiz_3). Large setup violations at the end of those stages might be difficult to fix during the post-placement implementation flow and could be the result of non-optimal XDC constraints or non-optimal design architecture
Related violations: <none>

TIMING-16#15 Warning
Large setup violation  
There is a large setup violation of -1.015 ns between design_1_i/sha256_encryptor_0/U0/iterator_reg[1]_rep__1/C (clocked by clk_out1_design_1_clk_wiz_3) and design_1_i/sha256_encryptor_0/U0/w_reg[61][29]/D (clocked by clk_out1_design_1_clk_wiz_3). Large setup violations at the end of those stages might be difficult to fix during the post-placement implementation flow and could be the result of non-optimal XDC constraints or non-optimal design architecture
Related violations: <none>

TIMING-16#16 Warning
Large setup violation  
There is a large setup violation of -1.017 ns between design_1_i/sha256_encryptor_0/U0/iterator_reg[1]_rep__1/C (clocked by clk_out1_design_1_clk_wiz_3) and design_1_i/sha256_encryptor_0/U0/w_reg[17][10]/D (clocked by clk_out1_design_1_clk_wiz_3). Large setup violations at the end of those stages might be difficult to fix during the post-placement implementation flow and could be the result of non-optimal XDC constraints or non-optimal design architecture
Related violations: <none>

TIMING-16#17 Warning
Large setup violation  
There is a large setup violation of -1.017 ns between design_1_i/sha256_encryptor_0/U0/iterator_reg[1]_rep__1/C (clocked by clk_out1_design_1_clk_wiz_3) and design_1_i/sha256_encryptor_0/U0/w_reg[25][14]/D (clocked by clk_out1_design_1_clk_wiz_3). Large setup violations at the end of those stages might be difficult to fix during the post-placement implementation flow and could be the result of non-optimal XDC constraints or non-optimal design architecture
Related violations: <none>

TIMING-16#18 Warning
Large setup violation  
There is a large setup violation of -1.020 ns between design_1_i/sha256_encryptor_0/U0/iterator_reg[1]_rep__1/C (clocked by clk_out1_design_1_clk_wiz_3) and design_1_i/sha256_encryptor_0/U0/w_reg[55][29]/D (clocked by clk_out1_design_1_clk_wiz_3). Large setup violations at the end of those stages might be difficult to fix during the post-placement implementation flow and could be the result of non-optimal XDC constraints or non-optimal design architecture
Related violations: <none>

TIMING-16#19 Warning
Large setup violation  
There is a large setup violation of -1.022 ns between design_1_i/sha256_encryptor_0/U0/iterator_reg[1]_rep__1/C (clocked by clk_out1_design_1_clk_wiz_3) and design_1_i/sha256_encryptor_0/U0/w_reg[50][21]/D (clocked by clk_out1_design_1_clk_wiz_3). Large setup violations at the end of those stages might be difficult to fix during the post-placement implementation flow and could be the result of non-optimal XDC constraints or non-optimal design architecture
Related violations: <none>

TIMING-16#20 Warning
Large setup violation  
There is a large setup violation of -1.023 ns between design_1_i/sha256_encryptor_0/U0/iterator_reg[1]_rep__1/C (clocked by clk_out1_design_1_clk_wiz_3) and design_1_i/sha256_encryptor_0/U0/w_reg[45][24]/D (clocked by clk_out1_design_1_clk_wiz_3). Large setup violations at the end of those stages might be difficult to fix during the post-placement implementation flow and could be the result of non-optimal XDC constraints or non-optimal design architecture
Related violations: <none>

TIMING-16#21 Warning
Large setup violation  
There is a large setup violation of -1.023 ns between design_1_i/sha256_encryptor_0/U0/iterator_reg[1]_rep__1/C (clocked by clk_out1_design_1_clk_wiz_3) and design_1_i/sha256_encryptor_0/U0/w_reg[46][21]/D (clocked by clk_out1_design_1_clk_wiz_3). Large setup violations at the end of those stages might be difficult to fix during the post-placement implementation flow and could be the result of non-optimal XDC constraints or non-optimal design architecture
Related violations: <none>

TIMING-16#22 Warning
Large setup violation  
There is a large setup violation of -1.026 ns between design_1_i/sha256_encryptor_0/U0/iterator_reg[1]_rep__1/C (clocked by clk_out1_design_1_clk_wiz_3) and design_1_i/sha256_encryptor_0/U0/w_reg[60][30]/D (clocked by clk_out1_design_1_clk_wiz_3). Large setup violations at the end of those stages might be difficult to fix during the post-placement implementation flow and could be the result of non-optimal XDC constraints or non-optimal design architecture
Related violations: <none>

TIMING-16#23 Warning
Large setup violation  
There is a large setup violation of -1.028 ns between design_1_i/sha256_encryptor_0/U0/iterator_reg[1]_rep__1/C (clocked by clk_out1_design_1_clk_wiz_3) and design_1_i/sha256_encryptor_0/U0/w_reg[15][19]/D (clocked by clk_out1_design_1_clk_wiz_3). Large setup violations at the end of those stages might be difficult to fix during the post-placement implementation flow and could be the result of non-optimal XDC constraints or non-optimal design architecture
Related violations: <none>

TIMING-16#24 Warning
Large setup violation  
There is a large setup violation of -1.028 ns between design_1_i/sha256_encryptor_0/U0/iterator_reg[1]_rep__1/C (clocked by clk_out1_design_1_clk_wiz_3) and design_1_i/sha256_encryptor_0/U0/w_reg[20][9]/D (clocked by clk_out1_design_1_clk_wiz_3). Large setup violations at the end of those stages might be difficult to fix during the post-placement implementation flow and could be the result of non-optimal XDC constraints or non-optimal design architecture
Related violations: <none>

TIMING-16#25 Warning
Large setup violation  
There is a large setup violation of -1.028 ns between design_1_i/sha256_encryptor_0/U0/iterator_reg[1]_rep__1/C (clocked by clk_out1_design_1_clk_wiz_3) and design_1_i/sha256_encryptor_0/U0/w_reg[34][21]/D (clocked by clk_out1_design_1_clk_wiz_3). Large setup violations at the end of those stages might be difficult to fix during the post-placement implementation flow and could be the result of non-optimal XDC constraints or non-optimal design architecture
Related violations: <none>

TIMING-16#26 Warning
Large setup violation  
There is a large setup violation of -1.029 ns between design_1_i/sha256_encryptor_0/U0/iterator_reg[1]_rep__1/C (clocked by clk_out1_design_1_clk_wiz_3) and design_1_i/sha256_encryptor_0/U0/w_reg[14][21]/D (clocked by clk_out1_design_1_clk_wiz_3). Large setup violations at the end of those stages might be difficult to fix during the post-placement implementation flow and could be the result of non-optimal XDC constraints or non-optimal design architecture
Related violations: <none>

TIMING-16#27 Warning
Large setup violation  
There is a large setup violation of -1.029 ns between design_1_i/sha256_encryptor_0/U0/iterator_reg[1]_rep__1/C (clocked by clk_out1_design_1_clk_wiz_3) and design_1_i/sha256_encryptor_0/U0/w_reg[19][14]/D (clocked by clk_out1_design_1_clk_wiz_3). Large setup violations at the end of those stages might be difficult to fix during the post-placement implementation flow and could be the result of non-optimal XDC constraints or non-optimal design architecture
Related violations: <none>

TIMING-16#28 Warning
Large setup violation  
There is a large setup violation of -1.029 ns between design_1_i/sha256_encryptor_0/U0/iterator_reg[1]_rep__1/C (clocked by clk_out1_design_1_clk_wiz_3) and design_1_i/sha256_encryptor_0/U0/w_reg[44][13]/D (clocked by clk_out1_design_1_clk_wiz_3). Large setup violations at the end of those stages might be difficult to fix during the post-placement implementation flow and could be the result of non-optimal XDC constraints or non-optimal design architecture
Related violations: <none>

TIMING-16#29 Warning
Large setup violation  
There is a large setup violation of -1.030 ns between design_1_i/sha256_encryptor_0/U0/iterator_reg[1]_rep__0/C (clocked by clk_out1_design_1_clk_wiz_3) and design_1_i/sha256_encryptor_0/U0/a_reg[18]/D (clocked by clk_out1_design_1_clk_wiz_3). Large setup violations at the end of those stages might be difficult to fix during the post-placement implementation flow and could be the result of non-optimal XDC constraints or non-optimal design architecture
Related violations: <none>

TIMING-16#30 Warning
Large setup violation  
There is a large setup violation of -1.030 ns between design_1_i/sha256_encryptor_0/U0/iterator_reg[1]_rep__1/C (clocked by clk_out1_design_1_clk_wiz_3) and design_1_i/sha256_encryptor_0/U0/w_reg[38][21]/D (clocked by clk_out1_design_1_clk_wiz_3). Large setup violations at the end of those stages might be difficult to fix during the post-placement implementation flow and could be the result of non-optimal XDC constraints or non-optimal design architecture
Related violations: <none>

TIMING-16#31 Warning
Large setup violation  
There is a large setup violation of -1.030 ns between design_1_i/sha256_encryptor_0/U0/iterator_reg[1]_rep__1/C (clocked by clk_out1_design_1_clk_wiz_3) and design_1_i/sha256_encryptor_0/U0/w_reg[54][9]/D (clocked by clk_out1_design_1_clk_wiz_3). Large setup violations at the end of those stages might be difficult to fix during the post-placement implementation flow and could be the result of non-optimal XDC constraints or non-optimal design architecture
Related violations: <none>

TIMING-16#32 Warning
Large setup violation  
There is a large setup violation of -1.033 ns between design_1_i/sha256_encryptor_0/U0/iterator_reg[1]_rep__1/C (clocked by clk_out1_design_1_clk_wiz_3) and design_1_i/sha256_encryptor_0/U0/w_reg[50][9]/D (clocked by clk_out1_design_1_clk_wiz_3). Large setup violations at the end of those stages might be difficult to fix during the post-placement implementation flow and could be the result of non-optimal XDC constraints or non-optimal design architecture
Related violations: <none>

TIMING-16#33 Warning
Large setup violation  
There is a large setup violation of -1.034 ns between design_1_i/sha256_encryptor_0/U0/iterator_reg[1]_rep__0/C (clocked by clk_out1_design_1_clk_wiz_3) and design_1_i/sha256_encryptor_0/U0/e_reg[28]/D (clocked by clk_out1_design_1_clk_wiz_3). Large setup violations at the end of those stages might be difficult to fix during the post-placement implementation flow and could be the result of non-optimal XDC constraints or non-optimal design architecture
Related violations: <none>

TIMING-16#34 Warning
Large setup violation  
There is a large setup violation of -1.038 ns between design_1_i/sha256_encryptor_0/U0/iterator_reg[1]_rep__1/C (clocked by clk_out1_design_1_clk_wiz_3) and design_1_i/sha256_encryptor_0/U0/w_reg[19][11]/D (clocked by clk_out1_design_1_clk_wiz_3). Large setup violations at the end of those stages might be difficult to fix during the post-placement implementation flow and could be the result of non-optimal XDC constraints or non-optimal design architecture
Related violations: <none>

TIMING-16#35 Warning
Large setup violation  
There is a large setup violation of -1.041 ns between design_1_i/sha256_encryptor_0/U0/iterator_reg[1]_rep__0/C (clocked by clk_out1_design_1_clk_wiz_3) and design_1_i/sha256_encryptor_0/U0/e_reg[30]/D (clocked by clk_out1_design_1_clk_wiz_3). Large setup violations at the end of those stages might be difficult to fix during the post-placement implementation flow and could be the result of non-optimal XDC constraints or non-optimal design architecture
Related violations: <none>

TIMING-16#36 Warning
Large setup violation  
There is a large setup violation of -1.041 ns between design_1_i/sha256_encryptor_0/U0/iterator_reg[1]_rep__1/C (clocked by clk_out1_design_1_clk_wiz_3) and design_1_i/sha256_encryptor_0/U0/w_reg[26][30]/D (clocked by clk_out1_design_1_clk_wiz_3). Large setup violations at the end of those stages might be difficult to fix during the post-placement implementation flow and could be the result of non-optimal XDC constraints or non-optimal design architecture
Related violations: <none>

TIMING-16#37 Warning
Large setup violation  
There is a large setup violation of -1.042 ns between design_1_i/sha256_encryptor_0/U0/iterator_reg[1]_rep__1/C (clocked by clk_out1_design_1_clk_wiz_3) and design_1_i/sha256_encryptor_0/U0/w_reg[12][13]/D (clocked by clk_out1_design_1_clk_wiz_3). Large setup violations at the end of those stages might be difficult to fix during the post-placement implementation flow and could be the result of non-optimal XDC constraints or non-optimal design architecture
Related violations: <none>

TIMING-16#38 Warning
Large setup violation  
There is a large setup violation of -1.043 ns between design_1_i/sha256_encryptor_0/U0/iterator_reg[1]_rep__0/C (clocked by clk_out1_design_1_clk_wiz_3) and design_1_i/sha256_encryptor_0/U0/e_reg[24]/D (clocked by clk_out1_design_1_clk_wiz_3). Large setup violations at the end of those stages might be difficult to fix during the post-placement implementation flow and could be the result of non-optimal XDC constraints or non-optimal design architecture
Related violations: <none>

TIMING-16#39 Warning
Large setup violation  
There is a large setup violation of -1.043 ns between design_1_i/sha256_encryptor_0/U0/iterator_reg[1]_rep__1/C (clocked by clk_out1_design_1_clk_wiz_3) and design_1_i/sha256_encryptor_0/U0/w_reg[43][21]/D (clocked by clk_out1_design_1_clk_wiz_3). Large setup violations at the end of those stages might be difficult to fix during the post-placement implementation flow and could be the result of non-optimal XDC constraints or non-optimal design architecture
Related violations: <none>

TIMING-16#40 Warning
Large setup violation  
There is a large setup violation of -1.043 ns between design_1_i/sha256_encryptor_0/U0/iterator_reg[1]_rep__1/C (clocked by clk_out1_design_1_clk_wiz_3) and design_1_i/sha256_encryptor_0/U0/w_reg[55][13]/D (clocked by clk_out1_design_1_clk_wiz_3). Large setup violations at the end of those stages might be difficult to fix during the post-placement implementation flow and could be the result of non-optimal XDC constraints or non-optimal design architecture
Related violations: <none>

TIMING-16#41 Warning
Large setup violation  
There is a large setup violation of -1.043 ns between design_1_i/sha256_encryptor_0/U0/iterator_reg[1]_rep__1/C (clocked by clk_out1_design_1_clk_wiz_3) and design_1_i/sha256_encryptor_0/U0/w_reg[7][8]/D (clocked by clk_out1_design_1_clk_wiz_3). Large setup violations at the end of those stages might be difficult to fix during the post-placement implementation flow and could be the result of non-optimal XDC constraints or non-optimal design architecture
Related violations: <none>

TIMING-16#42 Warning
Large setup violation  
There is a large setup violation of -1.047 ns between design_1_i/sha256_encryptor_0/U0/iterator_reg[1]_rep__1/C (clocked by clk_out1_design_1_clk_wiz_3) and design_1_i/sha256_encryptor_0/U0/w_reg[45][21]/D (clocked by clk_out1_design_1_clk_wiz_3). Large setup violations at the end of those stages might be difficult to fix during the post-placement implementation flow and could be the result of non-optimal XDC constraints or non-optimal design architecture
Related violations: <none>

TIMING-16#43 Warning
Large setup violation  
There is a large setup violation of -1.052 ns between design_1_i/sha256_encryptor_0/U0/iterator_reg[1]_rep__0/C (clocked by clk_out1_design_1_clk_wiz_3) and design_1_i/sha256_encryptor_0/U0/a_reg[22]/D (clocked by clk_out1_design_1_clk_wiz_3). Large setup violations at the end of those stages might be difficult to fix during the post-placement implementation flow and could be the result of non-optimal XDC constraints or non-optimal design architecture
Related violations: <none>

TIMING-16#44 Warning
Large setup violation  
There is a large setup violation of -1.053 ns between design_1_i/sha256_encryptor_0/U0/iterator_reg[1]_rep__1/C (clocked by clk_out1_design_1_clk_wiz_3) and design_1_i/sha256_encryptor_0/U0/w_reg[46][10]/D (clocked by clk_out1_design_1_clk_wiz_3). Large setup violations at the end of those stages might be difficult to fix during the post-placement implementation flow and could be the result of non-optimal XDC constraints or non-optimal design architecture
Related violations: <none>

TIMING-16#45 Warning
Large setup violation  
There is a large setup violation of -1.056 ns between design_1_i/sha256_encryptor_0/U0/iterator_reg[1]_rep__1/C (clocked by clk_out1_design_1_clk_wiz_3) and design_1_i/sha256_encryptor_0/U0/w_reg[26][13]/D (clocked by clk_out1_design_1_clk_wiz_3). Large setup violations at the end of those stages might be difficult to fix during the post-placement implementation flow and could be the result of non-optimal XDC constraints or non-optimal design architecture
Related violations: <none>

TIMING-16#46 Warning
Large setup violation  
There is a large setup violation of -1.059 ns between design_1_i/sha256_encryptor_0/U0/iterator_reg[1]_rep__1/C (clocked by clk_out1_design_1_clk_wiz_3) and design_1_i/sha256_encryptor_0/U0/w_reg[61][10]/D (clocked by clk_out1_design_1_clk_wiz_3). Large setup violations at the end of those stages might be difficult to fix during the post-placement implementation flow and could be the result of non-optimal XDC constraints or non-optimal design architecture
Related violations: <none>

TIMING-16#47 Warning
Large setup violation  
There is a large setup violation of -1.060 ns between design_1_i/sha256_encryptor_0/U0/iterator_reg[1]_rep__1/C (clocked by clk_out1_design_1_clk_wiz_3) and design_1_i/sha256_encryptor_0/U0/w_reg[10][29]/D (clocked by clk_out1_design_1_clk_wiz_3). Large setup violations at the end of those stages might be difficult to fix during the post-placement implementation flow and could be the result of non-optimal XDC constraints or non-optimal design architecture
Related violations: <none>

TIMING-16#48 Warning
Large setup violation  
There is a large setup violation of -1.060 ns between design_1_i/sha256_encryptor_0/U0/iterator_reg[1]_rep__1/C (clocked by clk_out1_design_1_clk_wiz_3) and design_1_i/sha256_encryptor_0/U0/w_reg[42][21]/D (clocked by clk_out1_design_1_clk_wiz_3). Large setup violations at the end of those stages might be difficult to fix during the post-placement implementation flow and could be the result of non-optimal XDC constraints or non-optimal design architecture
Related violations: <none>

TIMING-16#49 Warning
Large setup violation  
There is a large setup violation of -1.061 ns between design_1_i/sha256_encryptor_0/U0/iterator_reg[1]_rep__1/C (clocked by clk_out1_design_1_clk_wiz_3) and design_1_i/sha256_encryptor_0/U0/w_reg[0][30]/D (clocked by clk_out1_design_1_clk_wiz_3). Large setup violations at the end of those stages might be difficult to fix during the post-placement implementation flow and could be the result of non-optimal XDC constraints or non-optimal design architecture
Related violations: <none>

TIMING-16#50 Warning
Large setup violation  
There is a large setup violation of -1.061 ns between design_1_i/sha256_encryptor_0/U0/iterator_reg[1]_rep__1/C (clocked by clk_out1_design_1_clk_wiz_3) and design_1_i/sha256_encryptor_0/U0/w_reg[35][30]/D (clocked by clk_out1_design_1_clk_wiz_3). Large setup violations at the end of those stages might be difficult to fix during the post-placement implementation flow and could be the result of non-optimal XDC constraints or non-optimal design architecture
Related violations: <none>

TIMING-16#51 Warning
Large setup violation  
There is a large setup violation of -1.062 ns between design_1_i/sha256_encryptor_0/U0/iterator_reg[1]_rep__1/C (clocked by clk_out1_design_1_clk_wiz_3) and design_1_i/sha256_encryptor_0/U0/w_reg[14][13]/D (clocked by clk_out1_design_1_clk_wiz_3). Large setup violations at the end of those stages might be difficult to fix during the post-placement implementation flow and could be the result of non-optimal XDC constraints or non-optimal design architecture
Related violations: <none>

TIMING-16#52 Warning
Large setup violation  
There is a large setup violation of -1.062 ns between design_1_i/sha256_encryptor_0/U0/iterator_reg[1]_rep__1/C (clocked by clk_out1_design_1_clk_wiz_3) and design_1_i/sha256_encryptor_0/U0/w_reg[40][21]/D (clocked by clk_out1_design_1_clk_wiz_3). Large setup violations at the end of those stages might be difficult to fix during the post-placement implementation flow and could be the result of non-optimal XDC constraints or non-optimal design architecture
Related violations: <none>

TIMING-16#53 Warning
Large setup violation  
There is a large setup violation of -1.063 ns between design_1_i/sha256_encryptor_0/U0/iterator_reg[1]_rep__1/C (clocked by clk_out1_design_1_clk_wiz_3) and design_1_i/sha256_encryptor_0/U0/w_reg[48][29]/D (clocked by clk_out1_design_1_clk_wiz_3). Large setup violations at the end of those stages might be difficult to fix during the post-placement implementation flow and could be the result of non-optimal XDC constraints or non-optimal design architecture
Related violations: <none>

TIMING-16#54 Warning
Large setup violation  
There is a large setup violation of -1.068 ns between design_1_i/sha256_encryptor_0/U0/iterator_reg[1]_rep__1/C (clocked by clk_out1_design_1_clk_wiz_3) and design_1_i/sha256_encryptor_0/U0/w_reg[22][13]/D (clocked by clk_out1_design_1_clk_wiz_3). Large setup violations at the end of those stages might be difficult to fix during the post-placement implementation flow and could be the result of non-optimal XDC constraints or non-optimal design architecture
Related violations: <none>

TIMING-16#55 Warning
Large setup violation  
There is a large setup violation of -1.079 ns between design_1_i/sha256_encryptor_0/U0/iterator_reg[1]_rep__1/C (clocked by clk_out1_design_1_clk_wiz_3) and design_1_i/sha256_encryptor_0/U0/w_reg[15][13]/D (clocked by clk_out1_design_1_clk_wiz_3). Large setup violations at the end of those stages might be difficult to fix during the post-placement implementation flow and could be the result of non-optimal XDC constraints or non-optimal design architecture
Related violations: <none>

TIMING-16#56 Warning
Large setup violation  
There is a large setup violation of -1.079 ns between design_1_i/sha256_encryptor_0/U0/iterator_reg[1]_rep__1/C (clocked by clk_out1_design_1_clk_wiz_3) and design_1_i/sha256_encryptor_0/U0/w_reg[60][21]/D (clocked by clk_out1_design_1_clk_wiz_3). Large setup violations at the end of those stages might be difficult to fix during the post-placement implementation flow and could be the result of non-optimal XDC constraints or non-optimal design architecture
Related violations: <none>

TIMING-16#57 Warning
Large setup violation  
There is a large setup violation of -1.081 ns between design_1_i/sha256_encryptor_0/U0/iterator_reg[1]_rep__0/C (clocked by clk_out1_design_1_clk_wiz_3) and design_1_i/sha256_encryptor_0/U0/e_reg[31]/D (clocked by clk_out1_design_1_clk_wiz_3). Large setup violations at the end of those stages might be difficult to fix during the post-placement implementation flow and could be the result of non-optimal XDC constraints or non-optimal design architecture
Related violations: <none>

TIMING-16#58 Warning
Large setup violation  
There is a large setup violation of -1.084 ns between design_1_i/sha256_encryptor_0/U0/iterator_reg[1]_rep__1/C (clocked by clk_out1_design_1_clk_wiz_3) and design_1_i/sha256_encryptor_0/U0/w_reg[3][8]/D (clocked by clk_out1_design_1_clk_wiz_3). Large setup violations at the end of those stages might be difficult to fix during the post-placement implementation flow and could be the result of non-optimal XDC constraints or non-optimal design architecture
Related violations: <none>

TIMING-16#59 Warning
Large setup violation  
There is a large setup violation of -1.086 ns between design_1_i/sha256_encryptor_0/U0/iterator_reg[1]_rep__1/C (clocked by clk_out1_design_1_clk_wiz_3) and design_1_i/sha256_encryptor_0/U0/w_reg[62][21]/D (clocked by clk_out1_design_1_clk_wiz_3). Large setup violations at the end of those stages might be difficult to fix during the post-placement implementation flow and could be the result of non-optimal XDC constraints or non-optimal design architecture
Related violations: <none>

TIMING-16#60 Warning
Large setup violation  
There is a large setup violation of -1.096 ns between design_1_i/sha256_encryptor_0/U0/iterator_reg[1]_rep__1/C (clocked by clk_out1_design_1_clk_wiz_3) and design_1_i/sha256_encryptor_0/U0/w_reg[17][13]/D (clocked by clk_out1_design_1_clk_wiz_3). Large setup violations at the end of those stages might be difficult to fix during the post-placement implementation flow and could be the result of non-optimal XDC constraints or non-optimal design architecture
Related violations: <none>

TIMING-16#61 Warning
Large setup violation  
There is a large setup violation of -1.101 ns between design_1_i/sha256_encryptor_0/U0/iterator_reg[1]_rep__1/C (clocked by clk_out1_design_1_clk_wiz_3) and design_1_i/sha256_encryptor_0/U0/w_reg[61][13]/D (clocked by clk_out1_design_1_clk_wiz_3). Large setup violations at the end of those stages might be difficult to fix during the post-placement implementation flow and could be the result of non-optimal XDC constraints or non-optimal design architecture
Related violations: <none>

TIMING-16#62 Warning
Large setup violation  
There is a large setup violation of -1.102 ns between design_1_i/sha256_encryptor_0/U0/iterator_reg[1]_rep__1/C (clocked by clk_out1_design_1_clk_wiz_3) and design_1_i/sha256_encryptor_0/U0/w_reg[23][30]/D (clocked by clk_out1_design_1_clk_wiz_3). Large setup violations at the end of those stages might be difficult to fix during the post-placement implementation flow and could be the result of non-optimal XDC constraints or non-optimal design architecture
Related violations: <none>

TIMING-16#63 Warning
Large setup violation  
There is a large setup violation of -1.103 ns between design_1_i/sha256_encryptor_0/U0/iterator_reg[1]_rep__1/C (clocked by clk_out1_design_1_clk_wiz_3) and design_1_i/sha256_encryptor_0/U0/w_reg[59][13]/D (clocked by clk_out1_design_1_clk_wiz_3). Large setup violations at the end of those stages might be difficult to fix during the post-placement implementation flow and could be the result of non-optimal XDC constraints or non-optimal design architecture
Related violations: <none>

TIMING-16#64 Warning
Large setup violation  
There is a large setup violation of -1.116 ns between design_1_i/sha256_encryptor_0/U0/iterator_reg[1]_rep__1/C (clocked by clk_out1_design_1_clk_wiz_3) and design_1_i/sha256_encryptor_0/U0/w_reg[4][21]/D (clocked by clk_out1_design_1_clk_wiz_3). Large setup violations at the end of those stages might be difficult to fix during the post-placement implementation flow and could be the result of non-optimal XDC constraints or non-optimal design architecture
Related violations: <none>

TIMING-16#65 Warning
Large setup violation  
There is a large setup violation of -1.127 ns between design_1_i/sha256_encryptor_0/U0/iterator_reg[1]_rep__1/C (clocked by clk_out1_design_1_clk_wiz_3) and design_1_i/sha256_encryptor_0/U0/w_reg[61][9]/D (clocked by clk_out1_design_1_clk_wiz_3). Large setup violations at the end of those stages might be difficult to fix during the post-placement implementation flow and could be the result of non-optimal XDC constraints or non-optimal design architecture
Related violations: <none>

TIMING-16#66 Warning
Large setup violation  
There is a large setup violation of -1.129 ns between design_1_i/sha256_encryptor_0/U0/iterator_reg[1]_rep__1/C (clocked by clk_out1_design_1_clk_wiz_3) and design_1_i/sha256_encryptor_0/U0/w_reg[42][13]/D (clocked by clk_out1_design_1_clk_wiz_3). Large setup violations at the end of those stages might be difficult to fix during the post-placement implementation flow and could be the result of non-optimal XDC constraints or non-optimal design architecture
Related violations: <none>

TIMING-16#67 Warning
Large setup violation  
There is a large setup violation of -1.136 ns between design_1_i/sha256_encryptor_0/U0/iterator_reg[1]_rep__1/C (clocked by clk_out1_design_1_clk_wiz_3) and design_1_i/sha256_encryptor_0/U0/w_reg[16][30]/D (clocked by clk_out1_design_1_clk_wiz_3). Large setup violations at the end of those stages might be difficult to fix during the post-placement implementation flow and could be the result of non-optimal XDC constraints or non-optimal design architecture
Related violations: <none>

TIMING-16#68 Warning
Large setup violation  
There is a large setup violation of -1.149 ns between design_1_i/sha256_encryptor_0/U0/iterator_reg[1]_rep__0/C (clocked by clk_out1_design_1_clk_wiz_3) and design_1_i/sha256_encryptor_0/U0/a_reg[17]/D (clocked by clk_out1_design_1_clk_wiz_3). Large setup violations at the end of those stages might be difficult to fix during the post-placement implementation flow and could be the result of non-optimal XDC constraints or non-optimal design architecture
Related violations: <none>

TIMING-16#69 Warning
Large setup violation  
There is a large setup violation of -1.159 ns between design_1_i/sha256_encryptor_0/U0/iterator_reg[1]_rep__0/C (clocked by clk_out1_design_1_clk_wiz_3) and design_1_i/sha256_encryptor_0/U0/a_reg[20]/D (clocked by clk_out1_design_1_clk_wiz_3). Large setup violations at the end of those stages might be difficult to fix during the post-placement implementation flow and could be the result of non-optimal XDC constraints or non-optimal design architecture
Related violations: <none>

TIMING-16#70 Warning
Large setup violation  
There is a large setup violation of -1.160 ns between design_1_i/sha256_encryptor_0/U0/iterator_reg[1]_rep__1/C (clocked by clk_out1_design_1_clk_wiz_3) and design_1_i/sha256_encryptor_0/U0/w_reg[15][21]/D (clocked by clk_out1_design_1_clk_wiz_3). Large setup violations at the end of those stages might be difficult to fix during the post-placement implementation flow and could be the result of non-optimal XDC constraints or non-optimal design architecture
Related violations: <none>

TIMING-16#71 Warning
Large setup violation  
There is a large setup violation of -1.167 ns between design_1_i/sha256_encryptor_0/U0/iterator_reg[1]_rep__1/C (clocked by clk_out1_design_1_clk_wiz_3) and design_1_i/sha256_encryptor_0/U0/w_reg[36][14]/D (clocked by clk_out1_design_1_clk_wiz_3). Large setup violations at the end of those stages might be difficult to fix during the post-placement implementation flow and could be the result of non-optimal XDC constraints or non-optimal design architecture
Related violations: <none>

TIMING-16#72 Warning
Large setup violation  
There is a large setup violation of -1.187 ns between design_1_i/sha256_encryptor_0/U0/iterator_reg[1]_rep__1/C (clocked by clk_out1_design_1_clk_wiz_3) and design_1_i/sha256_encryptor_0/U0/w_reg[40][9]/D (clocked by clk_out1_design_1_clk_wiz_3). Large setup violations at the end of those stages might be difficult to fix during the post-placement implementation flow and could be the result of non-optimal XDC constraints or non-optimal design architecture
Related violations: <none>

TIMING-16#73 Warning
Large setup violation  
There is a large setup violation of -1.204 ns between design_1_i/sha256_encryptor_0/U0/iterator_reg[1]_rep__0/C (clocked by clk_out1_design_1_clk_wiz_3) and design_1_i/sha256_encryptor_0/U0/a_reg[24]/D (clocked by clk_out1_design_1_clk_wiz_3). Large setup violations at the end of those stages might be difficult to fix during the post-placement implementation flow and could be the result of non-optimal XDC constraints or non-optimal design architecture
Related violations: <none>

TIMING-16#74 Warning
Large setup violation  
There is a large setup violation of -1.233 ns between design_1_i/sha256_encryptor_0/U0/iterator_reg[1]_rep__0/C (clocked by clk_out1_design_1_clk_wiz_3) and design_1_i/sha256_encryptor_0/U0/a_reg[21]/D (clocked by clk_out1_design_1_clk_wiz_3). Large setup violations at the end of those stages might be difficult to fix during the post-placement implementation flow and could be the result of non-optimal XDC constraints or non-optimal design architecture
Related violations: <none>

TIMING-16#75 Warning
Large setup violation  
There is a large setup violation of -1.238 ns between design_1_i/sha256_encryptor_0/U0/iterator_reg[1]_rep__0/C (clocked by clk_out1_design_1_clk_wiz_3) and design_1_i/sha256_encryptor_0/U0/a_reg[23]/D (clocked by clk_out1_design_1_clk_wiz_3). Large setup violations at the end of those stages might be difficult to fix during the post-placement implementation flow and could be the result of non-optimal XDC constraints or non-optimal design architecture
Related violations: <none>

TIMING-16#76 Warning
Large setup violation  
There is a large setup violation of -1.253 ns between design_1_i/sha256_encryptor_0/U0/iterator_reg[1]_rep__1/C (clocked by clk_out1_design_1_clk_wiz_3) and design_1_i/sha256_encryptor_0/U0/w_reg[54][13]/D (clocked by clk_out1_design_1_clk_wiz_3). Large setup violations at the end of those stages might be difficult to fix during the post-placement implementation flow and could be the result of non-optimal XDC constraints or non-optimal design architecture
Related violations: <none>

TIMING-16#77 Warning
Large setup violation  
There is a large setup violation of -1.289 ns between design_1_i/sha256_encryptor_0/U0/iterator_reg[1]_rep__0/C (clocked by clk_out1_design_1_clk_wiz_3) and design_1_i/sha256_encryptor_0/U0/a_reg[19]/D (clocked by clk_out1_design_1_clk_wiz_3). Large setup violations at the end of those stages might be difficult to fix during the post-placement implementation flow and could be the result of non-optimal XDC constraints or non-optimal design architecture
Related violations: <none>

TIMING-16#78 Warning
Large setup violation  
There is a large setup violation of -1.296 ns between design_1_i/sha256_encryptor_0/U0/iterator_reg[1]_rep__0/C (clocked by clk_out1_design_1_clk_wiz_3) and design_1_i/sha256_encryptor_0/U0/e_reg[29]/D (clocked by clk_out1_design_1_clk_wiz_3). Large setup violations at the end of those stages might be difficult to fix during the post-placement implementation flow and could be the result of non-optimal XDC constraints or non-optimal design architecture
Related violations: <none>

TIMING-16#79 Warning
Large setup violation  
There is a large setup violation of -1.302 ns between design_1_i/sha256_encryptor_0/U0/iterator_reg[1]_rep__1/C (clocked by clk_out1_design_1_clk_wiz_3) and design_1_i/sha256_encryptor_0/U0/w_reg[40][12]/D (clocked by clk_out1_design_1_clk_wiz_3). Large setup violations at the end of those stages might be difficult to fix during the post-placement implementation flow and could be the result of non-optimal XDC constraints or non-optimal design architecture
Related violations: <none>

TIMING-16#80 Warning
Large setup violation  
There is a large setup violation of -1.334 ns between design_1_i/sha256_encryptor_0/U0/iterator_reg[1]_rep__1/C (clocked by clk_out1_design_1_clk_wiz_3) and design_1_i/sha256_encryptor_0/U0/w_reg[47][13]/D (clocked by clk_out1_design_1_clk_wiz_3). Large setup violations at the end of those stages might be difficult to fix during the post-placement implementation flow and could be the result of non-optimal XDC constraints or non-optimal design architecture
Related violations: <none>

TIMING-16#81 Warning
Large setup violation  
There is a large setup violation of -1.347 ns between design_1_i/sha256_encryptor_0/U0/iterator_reg[1]_rep__0/C (clocked by clk_out1_design_1_clk_wiz_3) and design_1_i/sha256_encryptor_0/U0/a_reg[27]/D (clocked by clk_out1_design_1_clk_wiz_3). Large setup violations at the end of those stages might be difficult to fix during the post-placement implementation flow and could be the result of non-optimal XDC constraints or non-optimal design architecture
Related violations: <none>

TIMING-16#82 Warning
Large setup violation  
There is a large setup violation of -1.400 ns between design_1_i/sha256_encryptor_0/U0/iterator_reg[1]_rep__0/C (clocked by clk_out1_design_1_clk_wiz_3) and design_1_i/sha256_encryptor_0/U0/a_reg[25]/D (clocked by clk_out1_design_1_clk_wiz_3). Large setup violations at the end of those stages might be difficult to fix during the post-placement implementation flow and could be the result of non-optimal XDC constraints or non-optimal design architecture
Related violations: <none>

TIMING-16#83 Warning
Large setup violation  
There is a large setup violation of -1.405 ns between design_1_i/sha256_encryptor_0/U0/iterator_reg[1]_rep__0/C (clocked by clk_out1_design_1_clk_wiz_3) and design_1_i/sha256_encryptor_0/U0/a_reg[26]/D (clocked by clk_out1_design_1_clk_wiz_3). Large setup violations at the end of those stages might be difficult to fix during the post-placement implementation flow and could be the result of non-optimal XDC constraints or non-optimal design architecture
Related violations: <none>

TIMING-16#84 Warning
Large setup violation  
There is a large setup violation of -1.430 ns between design_1_i/sha256_encryptor_0/U0/iterator_reg[1]_rep__0/C (clocked by clk_out1_design_1_clk_wiz_3) and design_1_i/sha256_encryptor_0/U0/a_reg[30]/D (clocked by clk_out1_design_1_clk_wiz_3). Large setup violations at the end of those stages might be difficult to fix during the post-placement implementation flow and could be the result of non-optimal XDC constraints or non-optimal design architecture
Related violations: <none>

TIMING-16#85 Warning
Large setup violation  
There is a large setup violation of -1.433 ns between design_1_i/sha256_encryptor_0/U0/iterator_reg[1]_rep__0/C (clocked by clk_out1_design_1_clk_wiz_3) and design_1_i/sha256_encryptor_0/U0/a_reg[29]/D (clocked by clk_out1_design_1_clk_wiz_3). Large setup violations at the end of those stages might be difficult to fix during the post-placement implementation flow and could be the result of non-optimal XDC constraints or non-optimal design architecture
Related violations: <none>

TIMING-16#86 Warning
Large setup violation  
There is a large setup violation of -1.464 ns between design_1_i/sha256_encryptor_0/U0/iterator_reg[1]_rep__0/C (clocked by clk_out1_design_1_clk_wiz_3) and design_1_i/sha256_encryptor_0/U0/a_reg[31]/D (clocked by clk_out1_design_1_clk_wiz_3). Large setup violations at the end of those stages might be difficult to fix during the post-placement implementation flow and could be the result of non-optimal XDC constraints or non-optimal design architecture
Related violations: <none>

TIMING-16#87 Warning
Large setup violation  
There is a large setup violation of -1.502 ns between design_1_i/sha256_encryptor_0/U0/iterator_reg[1]_rep__0/C (clocked by clk_out1_design_1_clk_wiz_3) and design_1_i/sha256_encryptor_0/U0/a_reg[28]/D (clocked by clk_out1_design_1_clk_wiz_3). Large setup violations at the end of those stages might be difficult to fix during the post-placement implementation flow and could be the result of non-optimal XDC constraints or non-optimal design architecture
Related violations: <none>

TIMING-18#1 Warning
Missing input or output delay  
An input delay is missing on reset relative to the rising and/or falling clock edge(s) of design_1_i/clk_wiz/inst/clk_in1, sys_clk_pin.
Related violations: <none>

TIMING-18#2 Warning
Missing input or output delay  
An input delay is missing on usb_uart_rxd relative to the rising and/or falling clock edge(s) of sys_clk_pin.
Related violations: <none>

TIMING-18#3 Warning
Missing input or output delay  
An output delay is missing on usb_uart_txd relative to the rising and/or falling clock edge(s) of sys_clk_pin.
Related violations: <none>


