
*** Running vivado
    with args -log design_1_wrapper.vds -m64 -product Vivado -mode batch -messageDb vivado.pb -notrace -source design_1_wrapper.tcl


****** Vivado v2025.2 (64-bit)
  **** SW Build 6299465 on Fri Nov 14 12:34:56 MST 2025
  **** IP Build 6300035 on Fri Nov 14 10:48:45 MST 2025
  **** SharedData Build 6298862 on Thu Nov 13 04:50:51 MST 2025
  **** Start of session at: Wed May 27 14:49:43 2026
    ** Copyright 1986-2022 Xilinx, Inc. All Rights Reserved.
    ** Copyright 2022-2025 Advanced Micro Devices, Inc. All Rights Reserved.

source design_1_wrapper.tcl -notrace
INFO: [IP_Flow 19-234] Refreshing IP repositories
INFO: [IP_Flow 19-1704] No user IP repositories specified
INFO: [IP_Flow 19-2313] Loaded Vivado IP repository '/home/sasarmandarius/Vivado/2025.2/data/ip'.
Command: read_checkpoint -auto_incremental -incremental /home/sasarmandarius/Desktop/LabCA/project_bonus/project_bonus.srcs/utils_1/imports/synth_1/sha256_encryptor.dcp
INFO: [Vivado 12-5825] Read reference checkpoint from /home/sasarmandarius/Desktop/LabCA/project_bonus/project_bonus.srcs/utils_1/imports/synth_1/sha256_encryptor.dcp for incremental synthesis
INFO: [Vivado 12-7989] Please ensure there are no constraint changes
Command: synth_design -top design_1_wrapper -part xc7a100tcsg324-1
Starting synth_design
Attempting to get a license for feature 'Synthesis' and/or device 'xc7a100t'
INFO: [Common 17-349] Got license for feature 'Synthesis' and/or device 'xc7a100t'
INFO: [Device 21-403] Loading part xc7a100tcsg324-1
INFO: [Designutils 20-5440] No compile time benefit to using incremental synthesis; A full resynthesis will be run
INFO: [Designutils 20-4379] Flow is switching to default flow due to incremental criteria not met. If you would like to alter this behaviour and have the flow terminate instead, please set the following parameter config_implementation {autoIncr.Synth.RejectBehavior Terminate}
INFO: [Synth 8-7079] Multithreading enabled for synth_design using a maximum of 7 processes.
INFO: [Synth 8-7078] Launching helper process for spawning children vivado processes
INFO: [Synth 8-7075] Helper process launched with PID 28554
---------------------------------------------------------------------------------
Starting RTL Elaboration : Time (s): cpu = 00:00:07 ; elapsed = 00:00:07 . Memory (MB): peak = 2227.215 ; gain = 480.844 ; free physical = 11377 ; free virtual = 28655
---------------------------------------------------------------------------------
INFO: [Synth 8-638] synthesizing module 'design_1_wrapper' [/home/sasarmandarius/Desktop/LabCA/project_bonus/project_bonus.gen/sources_1/bd/design_1/hdl/design_1_wrapper.vhd:24]
INFO: [Synth 8-3491] module 'design_1' declared at '/home/sasarmandarius/Desktop/LabCA/project_bonus/project_bonus.gen/sources_1/bd/design_1/synth/design_1.vhd:15' bound to instance 'design_1_i' of component 'design_1' [/home/sasarmandarius/Desktop/LabCA/project_bonus/project_bonus.gen/sources_1/bd/design_1/hdl/design_1_wrapper.vhd:34]
INFO: [Synth 8-638] synthesizing module 'design_1' [/home/sasarmandarius/Desktop/LabCA/project_bonus/project_bonus.gen/sources_1/bd/design_1/synth/design_1.vhd:28]
INFO: [Synth 8-3491] module 'design_1_blk_mem_gen_0_0' declared at '/home/sasarmandarius/Desktop/LabCA/project_bonus/project_bonus.runs/synth_1/.Xil/Vivado-28457-sasarmandarius-HP-ZBook-17-G3/realtime/design_1_blk_mem_gen_0_0_stub.vhdl:6' bound to instance 'blk_mem_gen_0' of component 'design_1_blk_mem_gen_0_0' [/home/sasarmandarius/Desktop/LabCA/project_bonus/project_bonus.gen/sources_1/bd/design_1/synth/design_1.vhd:159]
INFO: [Synth 8-638] synthesizing module 'design_1_blk_mem_gen_0_0' [/home/sasarmandarius/Desktop/LabCA/project_bonus/project_bonus.runs/synth_1/.Xil/Vivado-28457-sasarmandarius-HP-ZBook-17-G3/realtime/design_1_blk_mem_gen_0_0_stub.vhdl:34]
INFO: [Synth 8-3491] module 'design_1_clk_wiz_3' declared at '/home/sasarmandarius/Desktop/LabCA/project_bonus/project_bonus.runs/synth_1/.Xil/Vivado-28457-sasarmandarius-HP-ZBook-17-G3/realtime/design_1_clk_wiz_3_stub.vhdl:6' bound to instance 'clk_wiz' of component 'design_1_clk_wiz_3' [/home/sasarmandarius/Desktop/LabCA/project_bonus/project_bonus.gen/sources_1/bd/design_1/synth/design_1.vhd:243]
INFO: [Synth 8-638] synthesizing module 'design_1_clk_wiz_3' [/home/sasarmandarius/Desktop/LabCA/project_bonus/project_bonus.runs/synth_1/.Xil/Vivado-28457-sasarmandarius-HP-ZBook-17-G3/realtime/design_1_clk_wiz_3_stub.vhdl:18]
INFO: [Synth 8-3491] module 'design_1_lmb_bram_if_cntlr_0_0' declared at '/home/sasarmandarius/Desktop/LabCA/project_bonus/project_bonus.runs/synth_1/.Xil/Vivado-28457-sasarmandarius-HP-ZBook-17-G3/realtime/design_1_lmb_bram_if_cntlr_0_0_stub.vhdl:6' bound to instance 'lmb_bram_if_cntlr_0' of component 'design_1_lmb_bram_if_cntlr_0_0' [/home/sasarmandarius/Desktop/LabCA/project_bonus/project_bonus.gen/sources_1/bd/design_1/synth/design_1.vhd:250]
INFO: [Synth 8-638] synthesizing module 'design_1_lmb_bram_if_cntlr_0_0' [/home/sasarmandarius/Desktop/LabCA/project_bonus/project_bonus.runs/synth_1/.Xil/Vivado-28457-sasarmandarius-HP-ZBook-17-G3/realtime/design_1_lmb_bram_if_cntlr_0_0_stub.vhdl:38]
INFO: [Synth 8-3491] module 'design_1_microblaze_mcs_0_0' declared at '/home/sasarmandarius/Desktop/LabCA/project_bonus/project_bonus.runs/synth_1/.Xil/Vivado-28457-sasarmandarius-HP-ZBook-17-G3/realtime/design_1_microblaze_mcs_0_0_stub.vhdl:6' bound to instance 'microblaze_mcs_0' of component 'design_1_microblaze_mcs_0_0' [/home/sasarmandarius/Desktop/LabCA/project_bonus/project_bonus.gen/sources_1/bd/design_1/synth/design_1.vhd:369]
INFO: [Synth 8-638] synthesizing module 'design_1_microblaze_mcs_0_0' [/home/sasarmandarius/Desktop/LabCA/project_bonus/project_bonus.runs/synth_1/.Xil/Vivado-28457-sasarmandarius-HP-ZBook-17-G3/realtime/design_1_microblaze_mcs_0_0_stub.vhdl:33]
INFO: [Synth 8-3491] module 'design_1_sha256_encryptor_0_0' declared at '/home/sasarmandarius/Desktop/LabCA/project_bonus/project_bonus.runs/synth_1/.Xil/Vivado-28457-sasarmandarius-HP-ZBook-17-G3/realtime/design_1_sha256_encryptor_0_0_stub.vhdl:6' bound to instance 'sha256_encryptor_0' of component 'design_1_sha256_encryptor_0_0' [/home/sasarmandarius/Desktop/LabCA/project_bonus/project_bonus.gen/sources_1/bd/design_1/synth/design_1.vhd:419]
INFO: [Synth 8-638] synthesizing module 'design_1_sha256_encryptor_0_0' [/home/sasarmandarius/Desktop/LabCA/project_bonus/project_bonus.runs/synth_1/.Xil/Vivado-28457-sasarmandarius-HP-ZBook-17-G3/realtime/design_1_sha256_encryptor_0_0_stub.vhdl:31]
INFO: [Synth 8-256] done synthesizing module 'design_1' (0#1) [/home/sasarmandarius/Desktop/LabCA/project_bonus/project_bonus.gen/sources_1/bd/design_1/synth/design_1.vhd:28]
INFO: [Synth 8-256] done synthesizing module 'design_1_wrapper' (0#1) [/home/sasarmandarius/Desktop/LabCA/project_bonus/project_bonus.gen/sources_1/bd/design_1/hdl/design_1_wrapper.vhd:24]
---------------------------------------------------------------------------------
Finished RTL Elaboration : Time (s): cpu = 00:00:09 ; elapsed = 00:00:10 . Memory (MB): peak = 2317.152 ; gain = 570.781 ; free physical = 11274 ; free virtual = 28553
---------------------------------------------------------------------------------
---------------------------------------------------------------------------------
Start Handling Custom Attributes
---------------------------------------------------------------------------------
---------------------------------------------------------------------------------
Finished Handling Custom Attributes : Time (s): cpu = 00:00:09 ; elapsed = 00:00:10 . Memory (MB): peak = 2323.090 ; gain = 576.719 ; free physical = 11274 ; free virtual = 28553
---------------------------------------------------------------------------------
---------------------------------------------------------------------------------
Finished RTL Optimization Phase 1 : Time (s): cpu = 00:00:09 ; elapsed = 00:00:10 . Memory (MB): peak = 2323.090 ; gain = 576.719 ; free physical = 11274 ; free virtual = 28553
---------------------------------------------------------------------------------
Netlist sorting complete. Time (s): cpu = 00:00:00 ; elapsed = 00:00:00 . Memory (MB): peak = 2323.090 ; gain = 0.000 ; free physical = 11274 ; free virtual = 28553
INFO: [Project 1-570] Preparing netlist for logic optimization

Processing XDC Constraints
Initializing timing engine
Parsing XDC File [/home/sasarmandarius/Desktop/LabCA/project_bonus/project_bonus.gen/sources_1/bd/design_1/ip/design_1_sha256_encryptor_0_0/design_1_sha256_encryptor_0_0/design_1_sha256_encryptor_0_0_in_context.xdc] for cell 'design_1_i/sha256_encryptor_0'
Finished Parsing XDC File [/home/sasarmandarius/Desktop/LabCA/project_bonus/project_bonus.gen/sources_1/bd/design_1/ip/design_1_sha256_encryptor_0_0/design_1_sha256_encryptor_0_0/design_1_sha256_encryptor_0_0_in_context.xdc] for cell 'design_1_i/sha256_encryptor_0'
Parsing XDC File [/home/sasarmandarius/Desktop/LabCA/project_bonus/project_bonus.gen/sources_1/bd/design_1/ip/design_1_blk_mem_gen_0_0/design_1_blk_mem_gen_0_0/design_1_blk_mem_gen_0_0_in_context.xdc] for cell 'design_1_i/blk_mem_gen_0'
Finished Parsing XDC File [/home/sasarmandarius/Desktop/LabCA/project_bonus/project_bonus.gen/sources_1/bd/design_1/ip/design_1_blk_mem_gen_0_0/design_1_blk_mem_gen_0_0/design_1_blk_mem_gen_0_0_in_context.xdc] for cell 'design_1_i/blk_mem_gen_0'
Parsing XDC File [/home/sasarmandarius/Desktop/LabCA/project_bonus/project_bonus.gen/sources_1/bd/design_1/ip/design_1_microblaze_mcs_0_0/design_1_microblaze_mcs_0_0/design_1_microblaze_mcs_0_0_in_context.xdc] for cell 'design_1_i/microblaze_mcs_0'
Finished Parsing XDC File [/home/sasarmandarius/Desktop/LabCA/project_bonus/project_bonus.gen/sources_1/bd/design_1/ip/design_1_microblaze_mcs_0_0/design_1_microblaze_mcs_0_0/design_1_microblaze_mcs_0_0_in_context.xdc] for cell 'design_1_i/microblaze_mcs_0'
Parsing XDC File [/home/sasarmandarius/Desktop/LabCA/project_bonus/project_bonus.gen/sources_1/bd/design_1/ip/design_1_lmb_bram_if_cntlr_0_0/design_1_lmb_bram_if_cntlr_0_0/design_1_lmb_bram_if_cntlr_0_0_in_context.xdc] for cell 'design_1_i/lmb_bram_if_cntlr_0'
Finished Parsing XDC File [/home/sasarmandarius/Desktop/LabCA/project_bonus/project_bonus.gen/sources_1/bd/design_1/ip/design_1_lmb_bram_if_cntlr_0_0/design_1_lmb_bram_if_cntlr_0_0/design_1_lmb_bram_if_cntlr_0_0_in_context.xdc] for cell 'design_1_i/lmb_bram_if_cntlr_0'
Parsing XDC File [/home/sasarmandarius/Desktop/LabCA/project_bonus/project_bonus.gen/sources_1/bd/design_1/ip/design_1_clk_wiz_3/design_1_clk_wiz_3/design_1_clk_wiz_3_in_context.xdc] for cell 'design_1_i/clk_wiz'
Finished Parsing XDC File [/home/sasarmandarius/Desktop/LabCA/project_bonus/project_bonus.gen/sources_1/bd/design_1/ip/design_1_clk_wiz_3/design_1_clk_wiz_3/design_1_clk_wiz_3_in_context.xdc] for cell 'design_1_i/clk_wiz'
Parsing XDC File [/home/sasarmandarius/Desktop/LabCA/project_bonus/project_bonus.srcs/constrs_1/new/constrs.xdc]
Finished Parsing XDC File [/home/sasarmandarius/Desktop/LabCA/project_bonus/project_bonus.srcs/constrs_1/new/constrs.xdc]
INFO: [Project 1-236] Implementation specific constraints were found while reading constraint file [/home/sasarmandarius/Desktop/LabCA/project_bonus/project_bonus.srcs/constrs_1/new/constrs.xdc]. These constraints will be ignored for synthesis but will be used in implementation. Impacted constraints are listed in the file [.Xil/design_1_wrapper_propImpl.xdc].
Resolution: To avoid this warning, move constraints listed in [.Xil/design_1_wrapper_propImpl.xdc] to another XDC file and exclude this new file from synthesis with the used_in_synthesis property (File Properties dialog in GUI) and re-run elaboration/synthesis.
Parsing XDC File [/home/sasarmandarius/Desktop/LabCA/project_bonus/project_bonus.runs/synth_1/dont_touch.xdc]
Finished Parsing XDC File [/home/sasarmandarius/Desktop/LabCA/project_bonus/project_bonus.runs/synth_1/dont_touch.xdc]
Completed Processing XDC Constraints

Netlist sorting complete. Time (s): cpu = 00:00:00 ; elapsed = 00:00:00 . Memory (MB): peak = 2370.742 ; gain = 0.000 ; free physical = 11298 ; free virtual = 28578
INFO: [Project 1-111] Unisim Transformation Summary:
No Unisim elements were transformed.

Constraint Validation Runtime : Time (s): cpu = 00:00:00.01 ; elapsed = 00:00:00 . Memory (MB): peak = 2370.777 ; gain = 0.000 ; free physical = 11298 ; free virtual = 28578
WARNING: [Timing 38-316] Clock period '20.000' specified during out-of-context synthesis of instance 'design_1_i/blk_mem_gen_0' at clock pin 'clka' is different from the actual clock period '10.000', this can lead to different synthesis results.
INFO: [Designutils 20-5440] No compile time benefit to using incremental synthesis; A full resynthesis will be run
INFO: [Designutils 20-4379] Flow is switching to default flow due to incremental criteria not met. If you would like to alter this behaviour and have the flow terminate instead, please set the following parameter config_implementation {autoIncr.Synth.RejectBehavior Terminate}
---------------------------------------------------------------------------------
Finished Constraint Validation : Time (s): cpu = 00:00:19 ; elapsed = 00:00:20 . Memory (MB): peak = 2370.777 ; gain = 624.406 ; free physical = 11329 ; free virtual = 28610
---------------------------------------------------------------------------------
---------------------------------------------------------------------------------
Start Loading Part and Timing Information
---------------------------------------------------------------------------------
Loading part: xc7a100tcsg324-1
---------------------------------------------------------------------------------
Finished Loading Part and Timing Information : Time (s): cpu = 00:00:19 ; elapsed = 00:00:20 . Memory (MB): peak = 2378.746 ; gain = 632.375 ; free physical = 11329 ; free virtual = 28610
---------------------------------------------------------------------------------
---------------------------------------------------------------------------------
Start Applying 'set_property' XDC Constraints
---------------------------------------------------------------------------------
---------------------------------------------------------------------------------
Finished applying 'set_property' XDC Constraints : Time (s): cpu = 00:00:19 ; elapsed = 00:00:20 . Memory (MB): peak = 2378.746 ; gain = 632.375 ; free physical = 11329 ; free virtual = 28610
---------------------------------------------------------------------------------
---------------------------------------------------------------------------------
Finished RTL Optimization Phase 2 : Time (s): cpu = 00:00:20 ; elapsed = 00:00:20 . Memory (MB): peak = 2378.746 ; gain = 632.375 ; free physical = 11337 ; free virtual = 28619
---------------------------------------------------------------------------------
---------------------------------------------------------------------------------
Start RTL Component Statistics 
---------------------------------------------------------------------------------
Detailed RTL Component Info : 
---------------------------------------------------------------------------------
Finished RTL Component Statistics 
---------------------------------------------------------------------------------
---------------------------------------------------------------------------------
Start Part Resource Summary
---------------------------------------------------------------------------------
Part Resources:
DSPs: 240 (col length:80)
BRAMs: 270 (col length: RAMB18 80 RAMB36 40)
---------------------------------------------------------------------------------
Finished Part Resource Summary
---------------------------------------------------------------------------------
---------------------------------------------------------------------------------
Start Cross Boundary and Area Optimization
---------------------------------------------------------------------------------
---------------------------------------------------------------------------------
Finished Cross Boundary and Area Optimization : Time (s): cpu = 00:00:23 ; elapsed = 00:00:23 . Memory (MB): peak = 2378.746 ; gain = 632.375 ; free physical = 11376 ; free virtual = 28662
---------------------------------------------------------------------------------
---------------------------------------------------------------------------------
Start Applying XDC Timing Constraints
---------------------------------------------------------------------------------
---------------------------------------------------------------------------------
Finished Applying XDC Timing Constraints : Time (s): cpu = 00:00:30 ; elapsed = 00:00:30 . Memory (MB): peak = 2489.746 ; gain = 743.375 ; free physical = 11291 ; free virtual = 28585
---------------------------------------------------------------------------------
---------------------------------------------------------------------------------
Start Timing Optimization
---------------------------------------------------------------------------------
---------------------------------------------------------------------------------
Finished Timing Optimization : Time (s): cpu = 00:00:30 ; elapsed = 00:00:30 . Memory (MB): peak = 2489.746 ; gain = 743.375 ; free physical = 11291 ; free virtual = 28585
---------------------------------------------------------------------------------
---------------------------------------------------------------------------------
Start Technology Mapping
---------------------------------------------------------------------------------
---------------------------------------------------------------------------------
Finished Technology Mapping : Time (s): cpu = 00:00:30 ; elapsed = 00:00:30 . Memory (MB): peak = 2499.762 ; gain = 753.391 ; free physical = 11276 ; free virtual = 28570
---------------------------------------------------------------------------------
---------------------------------------------------------------------------------
Start IO Insertion
---------------------------------------------------------------------------------
---------------------------------------------------------------------------------
Start Flattening Before IO Insertion
---------------------------------------------------------------------------------
---------------------------------------------------------------------------------
Finished Flattening Before IO Insertion
---------------------------------------------------------------------------------
---------------------------------------------------------------------------------
Start Final Netlist Cleanup
---------------------------------------------------------------------------------
---------------------------------------------------------------------------------
Finished Final Netlist Cleanup
---------------------------------------------------------------------------------
---------------------------------------------------------------------------------
Finished IO Insertion : Time (s): cpu = 00:00:36 ; elapsed = 00:00:36 . Memory (MB): peak = 2686.574 ; gain = 940.203 ; free physical = 11103 ; free virtual = 28398
---------------------------------------------------------------------------------
---------------------------------------------------------------------------------
Start Renaming Generated Instances
---------------------------------------------------------------------------------
---------------------------------------------------------------------------------
Finished Renaming Generated Instances : Time (s): cpu = 00:00:36 ; elapsed = 00:00:36 . Memory (MB): peak = 2686.574 ; gain = 940.203 ; free physical = 11103 ; free virtual = 28398
---------------------------------------------------------------------------------
---------------------------------------------------------------------------------
Start Rebuilding User Hierarchy
---------------------------------------------------------------------------------
---------------------------------------------------------------------------------
Finished Rebuilding User Hierarchy : Time (s): cpu = 00:00:36 ; elapsed = 00:00:36 . Memory (MB): peak = 2686.574 ; gain = 940.203 ; free physical = 11103 ; free virtual = 28398
---------------------------------------------------------------------------------
---------------------------------------------------------------------------------
Start Renaming Generated Ports
---------------------------------------------------------------------------------
---------------------------------------------------------------------------------
Finished Renaming Generated Ports : Time (s): cpu = 00:00:36 ; elapsed = 00:00:36 . Memory (MB): peak = 2686.574 ; gain = 940.203 ; free physical = 11103 ; free virtual = 28398
---------------------------------------------------------------------------------
---------------------------------------------------------------------------------
Start Handling Custom Attributes
---------------------------------------------------------------------------------
---------------------------------------------------------------------------------
Finished Handling Custom Attributes : Time (s): cpu = 00:00:36 ; elapsed = 00:00:36 . Memory (MB): peak = 2686.574 ; gain = 940.203 ; free physical = 11103 ; free virtual = 28398
---------------------------------------------------------------------------------
---------------------------------------------------------------------------------
Start Renaming Generated Nets
---------------------------------------------------------------------------------
---------------------------------------------------------------------------------
Finished Renaming Generated Nets : Time (s): cpu = 00:00:36 ; elapsed = 00:00:36 . Memory (MB): peak = 2686.574 ; gain = 940.203 ; free physical = 11103 ; free virtual = 28398
---------------------------------------------------------------------------------
---------------------------------------------------------------------------------
Start Writing Synthesis Report
---------------------------------------------------------------------------------

Report BlackBoxes: 
+------+-------------------------------+----------+
|      |BlackBox name                  |Instances |
+------+-------------------------------+----------+
|1     |design_1_blk_mem_gen_0_0       |         1|
|2     |design_1_clk_wiz_3             |         1|
|3     |design_1_lmb_bram_if_cntlr_0_0 |         1|
|4     |design_1_microblaze_mcs_0_0    |         1|
|5     |design_1_sha256_encryptor_0_0  |         1|
+------+-------------------------------+----------+

Report Cell Usage: 
+------+------------------------------------+------+
|      |Cell                                |Count |
+------+------------------------------------+------+
|1     |design_1_blk_mem_gen_0_0_bbox       |     1|
|2     |design_1_clk_wiz_3_bbox             |     1|
|3     |design_1_lmb_bram_if_cntlr_0_0_bbox |     1|
|4     |design_1_microblaze_mcs_0_0_bbox    |     1|
|5     |design_1_sha256_encryptor_0_0_bbox  |     1|
|6     |LUT1                                |     1|
|7     |IBUF                                |     2|
|8     |OBUF                                |     1|
+------+------------------------------------+------+
---------------------------------------------------------------------------------
Finished Writing Synthesis Report : Time (s): cpu = 00:00:36 ; elapsed = 00:00:36 . Memory (MB): peak = 2686.574 ; gain = 940.203 ; free physical = 11103 ; free virtual = 28398
---------------------------------------------------------------------------------
Synthesis finished with 0 errors, 0 critical warnings and 0 warnings.
Synthesis Optimization Runtime : Time (s): cpu = 00:00:33 ; elapsed = 00:00:34 . Memory (MB): peak = 2686.574 ; gain = 892.516 ; free physical = 11103 ; free virtual = 28398
Synthesis Optimization Complete : Time (s): cpu = 00:00:36 ; elapsed = 00:00:37 . Memory (MB): peak = 2686.582 ; gain = 940.203 ; free physical = 11103 ; free virtual = 28398
INFO: [Project 1-571] Translating synthesized netlist
Netlist sorting complete. Time (s): cpu = 00:00:00 ; elapsed = 00:00:00.01 . Memory (MB): peak = 2686.582 ; gain = 0.000 ; free physical = 11103 ; free virtual = 28398
INFO: [Project 1-570] Preparing netlist for logic optimization
INFO: [Opt 31-138] Pushed 0 inverter(s) to 0 load pin(s).
Netlist sorting complete. Time (s): cpu = 00:00:00 ; elapsed = 00:00:00 . Memory (MB): peak = 2686.582 ; gain = 0.000 ; free physical = 11273 ; free virtual = 28566
INFO: [Project 1-111] Unisim Transformation Summary:
No Unisim elements were transformed.

Synth Design complete | Checksum: 53d078ff
INFO: [Common 17-83] Releasing license: Synthesis
37 Infos, 1 Warnings, 0 Critical Warnings and 0 Errors encountered.
synth_design completed successfully
synth_design: Time (s): cpu = 00:00:52 ; elapsed = 00:00:49 . Memory (MB): peak = 2686.609 ; gain = 1070.480 ; free physical = 11273 ; free virtual = 28566
INFO: [Common 17-2834] synth_design peak Physical Memory [PSS] (MB): overall = 1858.549; main = 1819.047; forked = 279.607
INFO: [Common 17-2834] synth_design peak Virtual Memory [VSS] (MB): overall = 3478.973; main = 2686.578; forked = 994.223
Write ShapeDB Complete: Time (s): cpu = 00:00:00 ; elapsed = 00:00:00 . Memory (MB): peak = 2710.586 ; gain = 0.000 ; free physical = 11273 ; free virtual = 28566
INFO: [Common 17-1381] The checkpoint '/home/sasarmandarius/Desktop/LabCA/project_bonus/project_bonus.runs/synth_1/design_1_wrapper.dcp' has been generated.
INFO: [Vivado 12-24828] Executing command : report_utilization -file design_1_wrapper_utilization_synth.rpt -pb design_1_wrapper_utilization_synth.pb
INFO: [Common 17-206] Exiting Vivado at Wed May 27 14:50:42 2026...
